  [1m[36mSQL (16.8ms)[0m  [1m SELECT name
 FROM sqlite_master
 WHERE type = 'table' AND NOT name = 'sqlite_sequence'
[0m
  [1m[35mSQL (0.2ms)[0m  select sqlite_version(*)
  [1m[36mSQL (13.6ms)[0m  [1mCREATE TABLE "schema_migrations" ("version" varchar(255) NOT NULL) [0m
  [1m[35mSQL (1.6ms)[0m  PRAGMA index_list("schema_migrations")
  [1m[36mSQL (4.4ms)[0m  [1mCREATE UNIQUE INDEX "unique_schema_migrations" ON "schema_migrations" ("version")[0m
  [1m[35mSQL (0.2ms)[0m   SELECT name
 FROM sqlite_master
 WHERE type = 'table' AND NOT name = 'sqlite_sequence'
  [1m[36mSQL (0.3ms)[0m  [1m SELECT name
 FROM sqlite_master
 WHERE type = 'table' AND NOT name = 'sqlite_sequence'
[0m
  [1m[35mSQL (0.3ms)[0m   SELECT name
 FROM sqlite_master
 WHERE type = 'table' AND NOT name = 'sqlite_sequence'
  [1m[36mSQL (0.1ms)[0m  [1mSELECT "schema_migrations"."version" FROM "schema_migrations"[0m
  [1m[35mSQL (0.2ms)[0m   SELECT name
 FROM sqlite_master
 WHERE type = 'table' AND NOT name = 'sqlite_sequence'


Started GET "/rails/info/properties" for 127.0.0.1 at Tue Sep 14 21:47:08 -0400 2010
  Processing by Rails::InfoController#properties as HTML
  [1m[36mSQL (3.3ms)[0m  [1m SELECT name
 FROM sqlite_master
 WHERE type = 'table' AND NOT name = 'sqlite_sequence'
[0m
  [1m[35mSQL (10.9ms)[0m   SELECT name
 FROM sqlite_master
 WHERE type = 'table' AND NOT name = 'sqlite_sequence'
  [1m[36mSQL (0.1ms)[0m  [1mSELECT "schema_migrations"."version" FROM "schema_migrations"[0m
Rendered inline template (9.3ms)
Completed 200 OK in 139ms (Views: 10.5ms | ActiveRecord: 14.4ms)


Started GET "/greetings/hello" for 127.0.0.1 at Tue Sep 14 22:15:56 -0400 2010
  Processing by GreetingsController#hello as HTML
Rendered greetings/hello.html.erb within layouts/application (25.1ms)
Completed 200 OK in 37ms (Views: 36.2ms | ActiveRecord: 0.0ms)


Started GET "/greetings/hello" for 127.0.0.1 at Tue Sep 14 22:17:50 -0400 2010
  Processing by GreetingsController#hello as HTML
Rendered greetings/hello.html.erb within layouts/application (88.1ms)
Completed 200 OK in 137ms (Views: 135.6ms | ActiveRecord: 0.0ms)


Started GET "/greetings/hell" for 127.0.0.1 at Tue Sep 14 22:18:37 -0400 2010

ActionController::RoutingError (No route matches "/greetings/hell"):
  

Rendered /Library/Ruby/Gems/1.8/gems/actionpack-3.0.0/lib/action_dispatch/middleware/templates/rescues/routing_error.erb within rescues/layout (30.3ms)


Started GET "/greetings/hello" for 127.0.0.1 at Tue Sep 14 22:18:43 -0400 2010
  Processing by GreetingsController#hello as HTML
Rendered greetings/hello.html.erb within layouts/application (2.4ms)
Completed 200 OK in 13ms (Views: 12.3ms | ActiveRecord: 0.0ms)


Started GET "/greetings/hello" for 127.0.0.1 at Tue Sep 14 22:19:06 -0400 2010
  Processing by GreetingsController#hello as HTML
Rendered greetings/hello.html.erb within layouts/application (16.5ms)
Completed 200 OK in 26ms (Views: 25.1ms | ActiveRecord: 0.0ms)


Started GET "/greetings/hello" for 127.0.0.1 at Tue Sep 14 22:19:32 -0400 2010
  Processing by GreetingsController#hello as HTML
Rendered greetings/hello.html.erb within layouts/application (2.4ms)
Completed 200 OK in 10ms (Views: 10.0ms | ActiveRecord: 0.0ms)
